flutter: 14:27:11.559094 [INFO]     [bootstrap] initializing [directories]
flutter: 14:27:11.591598 [DEBUG]    [bootstrap] [directories] initialized in 35ms
flutter: 14:27:11.592104 [INFO]     [bootstrap] initializing [app info]
flutter: 14:27:11.596988 [DEBUG]    [bootstrap] [app info] initialized in 4ms
flutter: 14:27:11.597796 [INFO]     [bootstrap] initializing [preferences]
flutter: 14:27:11.598366 [DEBUG]    [preferences] initializing preferences
flutter: 14:27:11.601316 [DEBUG]    [bootstrap] [preferences] initialized in 3ms
flutter: 14:27:11.605645 [INFO]     [bootstrap] initializing [analytics]
flutter: 14:27:11.606209 [DEBUG]    [AnalyticsController] enabling analytics
flutter: 14:27:11.606513 [DEBUG]    [LoggerController] adding [analytics] printer
flutter: 14:27:11.611248 [DEBUG]    [bootstrap] [analytics] initialized in 5ms
flutter: 14:27:11.611606 [INFO]     [bootstrap] initializing [preferences migration]
flutter: 14:27:11.611885 [DEBUG]    [PreferencesMigration] already using the latest version (v1)
flutter: 14:27:11.612084 [DEBUG]    [bootstrap] [preferences migration] initialized in 0ms
flutter: 14:27:11.612849 [DEBUG]    [PreferencesEntry<bool, dynamic>] getting persisted preference [debug_mode](bool)
flutter: 14:27:11.613302 [INFO]     [bootstrap] initializing [window controller]
flutter: 14:27:11.618646 [DEBUG]    [bootstrap] [window controller] initialized in 5ms
flutter: 14:27:11.619225 [DEBUG]    [PreferencesEntry<bool, bool>] getting persisted preference [silent_start](bool)
flutter: 14:27:11.619662 [DEBUG]    [bootstrap] silent start [Disabled]
flutter: 14:27:11.664599 [INFO]     [bootstrap] initializing [auto start service]
flutter: 14:27:11.665229 [INFO]     [AutoStartNotifier] auto start is [Disabled]
flutter: 14:27:11.665541 [DEBUG]    [bootstrap] [auto start service] initialized in 0ms
flutter: 14:27:11.665747 [INFO]     [bootstrap] initializing [logs repository]
flutter: 14:27:11.667472 [DEBUG]    [bootstrap] [logs repository] initialized in 1ms
flutter: 14:27:11.667817 [INFO]     [bootstrap] initializing [logger controller]
flutter: 14:27:11.668963 [INFO]     [bootstrap] hiddify v2.0.5 (20005) [prod]
general release
linux [Linux 6.6.87.2-microsoft-standard-WSL2 #1 SMP PREEMPT_DYNAMIC Thu Jun  5 18:30:46 UTC 2025]
flutter: 14:27:11.669224 [INFO]     [bootstrap] initializing [profile repository]
flutter: 14:27:11.670092 [INFO]     [bootstrap] initializing [active profile]
flutter: 14:27:11.698934 [INFO]     [bootstrap] initializing [deep link service]
flutter: 14:27:11.699799 [INFO]     [bootstrap] initializing [sing-box]
flutter: 14:27:11.702676 [INFO]     [bootstrap] initializing [system tray]
flutter: 14:27:11.715975 [INFO]     [ConnectionNotifier] connection status: DISCONNECTED
flutter: 14:27:11.722180 [INFO]     [bootstrap] bootstrap took [168ms]

(hiddify:1271): Gtk-CRITICAL **: 14:27:11.816: gtk_widget_get_scale_factor: assertion 'GTK_IS_WIDGET (widget)' failed
flutter: 14:27:13.907587 [INFO]     [ConnectionRepositoryImpl] config options: {
  "region": "other",
  "block-ads": false,
  "execute-config-as-is": false,
  "log-level": "warn",
  "resolve-destination": false,
  "ipv6-mode": "ipv4_only",
  "remote-dns-address": "udp://1.1.1.1",
  "remote-dns-domain-strategy": "",
  "direct-dns-address": "1.1.1.1",
  "direct-dns-domain-strategy": "",
  "mixed-port": 12334,
  "tproxy-port": 12335,
  "local-dns-port": 16450,
  "tun-implementation": "mixed",
  "mtu": 9000,
  "strict-route": true,
  "connection-test-url": "http://connectivitycheck.gstatic.com/generate_204",
  "url-test-interval": 600,
  "enable-clash-api": true,
  "clash-api-port": 16756,
  "enable-tun": false,
  "enable-tun-service": false,
  "set-system-proxy": true,
  "bypass-lan": false,
  "allow-connection-from-lan": false,
  "enable-fake-dns": false,
  "enable-dns-routing": true,
  "independent-dns-cache": true,
  "rules": [],
  "mux": {
    "enable": false,
    "padding": false,
    "max-streams": 8,
    "protocol": "h2mux"
  },
  "tls-tricks": {
    "enable-fragment": false,
    "fragment-size": "10-30",
    "fragment-sleep": "2-8",
    "mixed-sni-case": false,
    "enable-padding": false,
    "padding-size": "1-1500"
  },
  "warp": {
    "enable": false,
    "mode": "proxy_over_warp",
    "wireguard-config": "",
    "license-key": "",
    "account-id": "",
    "access-token": "",
    "clean-ip": "auto",
    "clean-port": 0,
    "noise": "1-3",
    "noise-size": "10-30",
    "noise-delay": "10-30",
    "noise-mode": "m6"
  },
  "warp2": {
    "enable": false,
    "mode": "proxy_over_warp",
    "wireguard-config": "",
    "license-key": "",
    "account-id": "",
    "access-token": "",
    "clean-ip": "auto",
    "clean-port": 0,
    "noise": "1-3",
    "noise-size": "10-30",
    "noise-delay": "10-30",
    "noise-mode": "m6"
  }
}
Memory Limit: false
INFO CORE Starting
INFO CORE STARTING: 
flutter: 14:27:14.572706 [INFO]     [ConnectionNotifier] connection status: CONNECTING
config options: {EnableFullConfig:false LogLevel:warn EnableClashApi:true ClashApiPort:16756 ClashApiSecret: Region:other BlockAds:false Rules:[] Warp:{EnableWarp:false Mode:proxy_over_warp WireguardConfigStr: WireguardConfig:{PrivateKey: LocalAddressIPv4: LocalAddressIPv6: PeerPublicKey: ClientID:} FakePackets:1-3 FakePacketSize:10-30 FakePacketDelay:10-30 FakePacketMode:m6 CleanIP:auto CleanPort:0 Account:{AccountID: AccessToken:}} Warp2:{EnableWarp:false Mode:proxy_over_warp WireguardConfigStr: WireguardConfig:{PrivateKey: LocalAddressIPv4: LocalAddressIPv6: PeerPublicKey: ClientID:} FakePackets:1-3 FakePacketSize:10-30 FakePacketDelay:10-30 FakePacketMode:m6 CleanIP:auto CleanPort:0 Account:{AccountID: AccessToken:}} Mux:{Enable:false Padding:false MaxStreams:8 Protocol:h2mux} TLSTricks:{EnableFragment:false FragmentSize:10-30 FragmentSleep:2-8 MixedSNICase:false EnablePadding:false PaddingSize:1-1500} DNSOptions:{RemoteDnsAddress:udp://1.1.1.1 RemoteDnsDomainStrategy:0 DirectDnsAddress:1.1.1.1 DirectDnsDomainStrategy:0 IndependentDNSCache:true EnableFakeDNS:false EnableDNSRouting:true} InboundOptions:{EnableTun:false EnableTunService:false SetSystemProxy:true MixedPort:12334 TProxyPort:12335 LocalDnsPort:16450 MTU:9000 StrictRoute:true TUNStack:mixed} URLTestOptions:{ConnectionTestUrl:http://connectivitycheck.gstatic.com/generate_204 URLTestInterval:600} RouteOptions:{ResolveDestination:false IPv6Mode:3 BypassLAN:false AllowConnectionFromLAN:false}}
Region========================== other
Saving config to /home/relmontovro/.local/share/hiddify/current-config.json <nil>
FATAL CORE pre-start cache file: timeout
INFO CORE STOPPED: START_SERVICE pre-start cache file: timeout
INFO CORE STOPPED: UNEXPECTED_ERROR pre-start cache file: timeout
flutter: 14:27:23.050547 [INFO]     [ConnectionNotifier] connection status: DISCONNECTED
[31mERROR[0m[0009] pre-start cache file: timeout
flutter: 14:27:23.051696 [INFO]     [ConnectionNotifier] connection status: DISCONNECTED
flutter: 14:27:23.052375 [INFO]     [ConnectionNotifier] connection status: DISCONNECTED
flutter: 14:27:23.053607 [WARNING]  [ConnectionNotifier] error connecting
flutter: 14:27:23.054195 [WARNING]  [ConnectionNotifier] ConnectionFailure.unexpected(error: pre-start cache file: timeout, stackTrace: null)
flutter: 14:27:23.058213 [WARNING]  [SystemTrayNotifier] error getting connection status
flutter: 14:27:23.058902 [WARNING]  [SystemTrayNotifier] error getting connection status
flutter: 14:27:25.606167 [INFO]     [ConnectionRepositoryImpl] config options: {
  "region": "other",
  "block-ads": false,
  "execute-config-as-is": false,
  "log-level": "warn",
  "resolve-destination": false,
  "ipv6-mode": "ipv4_only",
  "remote-dns-address": "udp://1.1.1.1",
  "remote-dns-domain-strategy": "",
  "direct-dns-address": "1.1.1.1",
  "direct-dns-domain-strategy": "",
  "mixed-port": 12334,
  "tproxy-port": 12335,
  "local-dns-port": 16450,
  "tun-implementation": "mixed",
  "mtu": 9000,
  "strict-route": true,
  "connection-test-url": "http://connectivitycheck.gstatic.com/generate_204",
  "url-test-interval": 600,
  "enable-clash-api": true,
  "clash-api-port": 16756,
  "enable-tun": false,
  "enable-tun-service": false,
  "set-system-proxy": true,
  "bypass-lan": false,
  "allow-connection-from-lan": false,
  "enable-fake-dns": false,
  "enable-dns-routing": true,
  "independent-dns-cache": true,
  "rules": [],
  "mux": {
    "enable": false,
    "padding": false,
    "max-streams": 8,
    "protocol": "h2mux"
  },
  "tls-tricks": {
    "enable-fragment": false,
    "fragment-size": "10-30",
    "fragment-sleep": "2-8",
    "mixed-sni-case": false,
    "enable-padding": false,
    "padding-size": "1-1500"
  },
  "warp": {
    "enable": false,
    "mode": "proxy_over_warp",
    "wireguard-config": "",
    "license-key": "",
    "account-id": "",
    "access-token": "",
    "clean-ip": "auto",
    "clean-port": 0,
    "noise": "1-3",
    "noise-size": "10-30",
    "noise-delay": "10-30",
    "noise-mode": "m6"
  },
  "warp2": {
    "enable": false,
    "mode": "proxy_over_warp",
    "wireguard-config": "",
    "license-key": "",
    "account-id": "",
    "access-token": "",
    "clean-ip": "auto",
    "clean-port": 0,
    "noise": "1-3",
    "noise-size": "10-30",
    "noise-delay": "10-30",
    "noise-mode": "m6"
  }
}
Memory Limit: false
INFO CORE Starting
INFO CORE STARTING: 
flutter: 14:27:25.611314 [INFO]     [ConnectionNotifier] connection status: CONNECTING
config options: {EnableFullConfig:false LogLevel:warn EnableClashApi:true ClashApiPort:16756 ClashApiSecret: Region:other BlockAds:false Rules:[] Warp:{EnableWarp:false Mode:proxy_over_warp WireguardConfigStr: WireguardConfig:{PrivateKey: LocalAddressIPv4: LocalAddressIPv6: PeerPublicKey: ClientID:} FakePackets:1-3 FakePacketSize:10-30 FakePacketDelay:10-30 FakePacketMode:m6 CleanIP:auto CleanPort:0 Account:{AccountID: AccessToken:}} Warp2:{EnableWarp:false Mode:proxy_over_warp WireguardConfigStr: WireguardConfig:{PrivateKey: LocalAddressIPv4: LocalAddressIPv6: PeerPublicKey: ClientID:} FakePackets:1-3 FakePacketSize:10-30 FakePacketDelay:10-30 FakePacketMode:m6 CleanIP:auto CleanPort:0 Account:{AccountID: AccessToken:}} Mux:{Enable:false Padding:false MaxStreams:8 Protocol:h2mux} TLSTricks:{EnableFragment:false FragmentSize:10-30 FragmentSleep:2-8 MixedSNICase:false EnablePadding:false PaddingSize:1-1500} DNSOptions:{RemoteDnsAddress:udp://1.1.1.1 RemoteDnsDomainStrategy:0 DirectDnsAddress:1.1.1.1 DirectDnsDomainStrategy:0 IndependentDNSCache:true EnableFakeDNS:false EnableDNSRouting:true} InboundOptions:{EnableTun:false EnableTunService:false SetSystemProxy:true MixedPort:12334 TProxyPort:12335 LocalDnsPort:16450 MTU:9000 StrictRoute:true TUNStack:mixed} URLTestOptions:{ConnectionTestUrl:http://connectivitycheck.gstatic.com/generate_204 URLTestInterval:600} RouteOptions:{ResolveDestination:false IPv6Mode:3 BypassLAN:false AllowConnectionFromLAN:false}}
Region========================== other
Saving config to /home/relmontovro/.local/share/hiddify/current-config.json <nil>
FATAL CORE pre-start cache file: timeout
INFO CORE STOPPED: START_SERVICE pre-start cache file: timeout
INFO CORE STOPPED: UNEXPECTED_ERROR pre-start cache file: timeout
flutter: 14:27:35.399988 [INFO]     [ConnectionNotifier] connection status: DISCONNECTED
[31mERROR[0m[0022] pre-start cache file: timeout
flutter: 14:27:35.400825 [INFO]     [ConnectionNotifier] connection status: DISCONNECTED
flutter: 14:27:35.401193 [INFO]     [ConnectionNotifier] connection status: DISCONNECTED
flutter: 14:27:35.401884 [WARNING]  [ConnectionNotifier] error connecting
flutter: 14:27:35.402197 [WARNING]  [ConnectionNotifier] ConnectionFailure.unexpected(error: pre-start cache file: timeout, stackTrace: null)
flutter: 14:27:35.405749 [WARNING]  [SystemTrayNotifier] error getting connection status
flutter: 14:27:35.406530 [WARNING]  [SystemTrayNotifier] error getting connection status
flutter: 14:27:51.902462 [INFO]     [ConnectionRepositoryImpl] config options: {
  "region": "other",
  "block-ads": false,
  "execute-config-as-is": false,
  "log-level": "warn",
  "resolve-destination": false,
  "ipv6-mode": "ipv4_only",
  "remote-dns-address": "udp://1.1.1.1",
  "remote-dns-domain-strategy": "",
  "direct-dns-address": "1.1.1.1",
  "direct-dns-domain-strategy": "",
  "mixed-port": 12334,
  "tproxy-port": 12335,
  "local-dns-port": 16450,
  "tun-implementation": "mixed",
  "mtu": 9000,
  "strict-route": true,
  "connection-test-url": "http://connectivitycheck.gstatic.com/generate_204",
  "url-test-interval": 600,
  "enable-clash-api": true,
  "clash-api-port": 16756,
  "enable-tun": false,
  "enable-tun-service": false,
  "set-system-proxy": true,
  "bypass-lan": false,
  "allow-connection-from-lan": false,
  "enable-fake-dns": false,
  "enable-dns-routing": true,
  "independent-dns-cache": true,
  "rules": [],
  "mux": {
    "enable": false,
    "padding": false,
    "max-streams": 8,
    "protocol": "h2mux"
  },
  "tls-tricks": {
    "enable-fragment": false,
    "fragment-size": "10-30",
    "fragment-sleep": "2-8",
    "mixed-sni-case": false,
    "enable-padding": false,
    "padding-size": "1-1500"
  },
  "warp": {
    "enable": false,
    "mode": "proxy_over_warp",
    "wireguard-config": "",
    "license-key": "",
    "account-id": "",
    "access-token": "",
    "clean-ip": "auto",
    "clean-port": 0,
    "noise": "1-3",
    "noise-size": "10-30",
    "noise-delay": "10-30",
    "noise-mode": "m6"
  },
  "warp2": {
    "enable": false,
    "mode": "proxy_over_warp",
    "wireguard-config": "",
    "license-key": "",
    "account-id": "",
    "access-token": "",
    "clean-ip": "auto",
    "clean-port": 0,
    "noise": "1-3",
    "noise-size": "10-30",
    "noise-delay": "10-30",
    "noise-mode": "m6"
  }
}
Memory Limit: false
INFO CORE Starting
INFO CORE STARTING: 
flutter: 14:27:51.906568 [INFO]     [ConnectionNotifier] connection status: CONNECTING
config options: {EnableFullConfig:false LogLevel:warn EnableClashApi:true ClashApiPort:16756 ClashApiSecret: Region:other BlockAds:false Rules:[] Warp:{EnableWarp:false Mode:proxy_over_warp WireguardConfigStr: WireguardConfig:{PrivateKey: LocalAddressIPv4: LocalAddressIPv6: PeerPublicKey: ClientID:} FakePackets:1-3 FakePacketSize:10-30 FakePacketDelay:10-30 FakePacketMode:m6 CleanIP:auto CleanPort:0 Account:{AccountID: AccessToken:}} Warp2:{EnableWarp:false Mode:proxy_over_warp WireguardConfigStr: WireguardConfig:{PrivateKey: LocalAddressIPv4: LocalAddressIPv6: PeerPublicKey: ClientID:} FakePackets:1-3 FakePacketSize:10-30 FakePacketDelay:10-30 FakePacketMode:m6 CleanIP:auto CleanPort:0 Account:{AccountID: AccessToken:}} Mux:{Enable:false Padding:false MaxStreams:8 Protocol:h2mux} TLSTricks:{EnableFragment:false FragmentSize:10-30 FragmentSleep:2-8 MixedSNICase:false EnablePadding:false PaddingSize:1-1500} DNSOptions:{RemoteDnsAddress:udp://1.1.1.1 RemoteDnsDomainStrategy:0 DirectDnsAddress:1.1.1.1 DirectDnsDomainStrategy:0 IndependentDNSCache:true EnableFakeDNS:false EnableDNSRouting:true} InboundOptions:{EnableTun:false EnableTunService:false SetSystemProxy:true MixedPort:12334 TProxyPort:12335 LocalDnsPort:16450 MTU:9000 StrictRoute:true TUNStack:mixed} URLTestOptions:{ConnectionTestUrl:http://connectivitycheck.gstatic.com/generate_204 URLTestInterval:600} RouteOptions:{ResolveDestination:false IPv6Mode:3 BypassLAN:false AllowConnectionFromLAN:false}}
Region========================== other
Saving config to /home/relmontovro/.local/share/hiddify/current-config.json <nil>
FATAL CORE pre-start cache file: timeout
INFO CORE STOPPED: START_SERVICE pre-start cache file: timeout
INFO CORE STOPPED: UNEXPECTED_ERROR pre-start cache file: timeout
flutter: 14:28:01.599820 [INFO]     [ConnectionNotifier] connection status: DISCONNECTED
flutter: 14:28:01.600290 [INFO]     [ConnectionNotifier] connection status: DISCONNECTED
[31mERROR[0m[0049] pre-start cache file: timeout
flutter: 14:28:01.601003 [INFO]     [ConnectionNotifier] connection status: DISCONNECTED
flutter: 14:28:01.601430 [WARNING]  [ConnectionNotifier] error connecting
flutter: 14:28:01.601751 [WARNING]  [ConnectionNotifier] ConnectionFailure.unexpected(error: pre-start cache file: timeout, stackTrace: null)
flutter: 14:28:01.605637 [WARNING]  [SystemTrayNotifier] error getting connection status
flutter: 14:28:01.606416 [WARNING]  [SystemTrayNotifier] error getting connection status
